<?xml version="1.0" encoding="UTF-8"?>
<!-- Generated by org.testng.reporters.JUnitReportReporter -->
<testsuite hostname="TYSS-Rakesh" name="com.qsp.tests.SampleTest" tests="1" failures="0" timestamp="27 Mar 2018 16:37:15 GMT" time="0.016" errors="0">
  <testcase name="testSample" time="0.016" classname="com.qsp.tests.SampleTest"/>
</testsuite> <!-- com.qsp.tests.SampleTest -->
